<?xml version="1.0" encoding="UTF-8"?>
<!-- Generated by org.testng.reporters.JUnitReportReporter -->
<testsuite skipped="0" hostname="LAPTOP-DQA8PRLO" name="qaclickacademy.Section22Mavenjava.SeleniumTest" tests="2" failures="0" timestamp="2020-12-28T22:09:01 EST" time="0.002" errors="0">
  <testcase name="BrowserAutomation" time="0.001" classname="qaclickacademy.Section22Mavenjava.SeleniumTest"/>
  <system-out/>
  <testcase name="elementsUi" time="0.001" classname="qaclickacademy.Section22Mavenjava.SeleniumTest"/>
  <system-out/>
</testsuite> <!-- qaclickacademy.Section22Mavenjava.SeleniumTest -->
