<?xml version="1.0" encoding="UTF-8"?>
<!-- Generated by org.testng.reporters.JUnitReportReporter -->
<testsuite skipped="0" hostname="LAPTOP-DQA8PRLO" name="qaclickacademy.Section22Mavenjava.RestApiTest" tests="2" failures="0" timestamp="2020-12-28T22:09:01 EST" time="0.001" errors="0">
  <testcase name="deletTwitter" time="0.000" classname="qaclickacademy.Section22Mavenjava.RestApiTest"/>
  <system-out/>
  <testcase name="postjira" time="0.001" classname="qaclickacademy.Section22Mavenjava.RestApiTest"/>
  <system-out/>
</testsuite> <!-- qaclickacademy.Section22Mavenjava.RestApiTest -->
