<?xml version="1.0" encoding="UTF-8"?>
<!-- Generated by org.testng.reporters.JUnitReportReporter -->
<testsuite hostname="LAPTOP-DQA8PRLO" failures="0" tests="2" name="qaclickacademy.Section22Mavenjava.SeleniumTest" time="0.002" errors="0" timestamp="2021-01-28T18:05:25 EST" skipped="0">
  <testcase classname="qaclickacademy.Section22Mavenjava.SeleniumTest" name="BrowserAutomation" time="0.001"/>
  <system-out/>
  <testcase classname="qaclickacademy.Section22Mavenjava.SeleniumTest" name="elementsUi" time="0.001"/>
  <system-out/>
</testsuite> <!-- qaclickacademy.Section22Mavenjava.SeleniumTest -->
