<?xml version="1.0" encoding="UTF-8"?>
<!-- Generated by org.testng.reporters.JUnitReportReporter -->
<testsuite hostname="LAPTOP-DQA8PRLO" failures="0" tests="2" name="qaclickacademy.Section22Mavenjava.RestApiTest" time="0.007" errors="0" timestamp="2021-01-28T18:05:25 EST" skipped="0">
  <testcase classname="qaclickacademy.Section22Mavenjava.RestApiTest" name="postjira" time="0.001"/>
  <system-out/>
  <testcase classname="qaclickacademy.Section22Mavenjava.RestApiTest" name="deletTwitter" time="0.006"/>
  <system-out/>
</testsuite> <!-- qaclickacademy.Section22Mavenjava.RestApiTest -->
