<?xml version="1.0" encoding="UTF-8"?>
<!-- Generated by org.testng.reporters.JUnitReportReporter -->
<testsuite skipped="0" hostname="LAPTOP-DQA8PRLO" name="qaclickacademy.Section22Mavenjava.AppiumTest" tests="2" failures="0" timestamp="2020-12-28T22:09:01 EST" time="0.007" errors="0">
  <testcase name="IOSApps" time="0.006" classname="qaclickacademy.Section22Mavenjava.AppiumTest"/>
  <system-out/>
  <testcase name="NativeApAndroid" time="0.001" classname="qaclickacademy.Section22Mavenjava.AppiumTest"/>
  <system-out/>
</testsuite> <!-- qaclickacademy.Section22Mavenjava.AppiumTest -->
