<?xml version="1.0" encoding="UTF-8"?>
<!-- Generated by org.testng.reporters.JUnitReportReporter -->
<testsuite skipped="0" hostname="LAPTOP-DQA8PRLO" name="qaclickacademy.Section22Mavenjava.SeleniumTest" tests="2" failures="0" timestamp="17 Jan 2021 18:32:26 GMT" time="0.001" errors="0">
  <testcase name="BrowserAutomation" time="0.001" classname="qaclickacademy.Section22Mavenjava.SeleniumTest"/>
  <testcase name="elementsUi" time="0.000" classname="qaclickacademy.Section22Mavenjava.SeleniumTest"/>
</testsuite> <!-- qaclickacademy.Section22Mavenjava.SeleniumTest -->
