<?xml version="1.0" encoding="UTF-8"?>
<!-- Generated by org.testng.reporters.JUnitReportReporter -->
<testsuite skipped="0" hostname="LAPTOP-DQA8PRLO" name="qaclickacademy.Section22Mavenjava.AppiumTest" tests="2" failures="0" timestamp="17 Jan 2021 18:32:26 GMT" time="0.004" errors="0">
  <testcase name="IOSApps" time="0.004" classname="qaclickacademy.Section22Mavenjava.AppiumTest"/>
  <testcase name="NativeApAndroid" time="0.000" classname="qaclickacademy.Section22Mavenjava.AppiumTest"/>
</testsuite> <!-- qaclickacademy.Section22Mavenjava.AppiumTest -->
